<?xml version="1.0" encoding="UTF-8"?>
<testsuite xmlns:xsi="http://www.w3.org/2001/XMLSchema-instance" xsi:noNamespaceSchemaLocation="https://maven.apache.org/surefire/maven-surefire-plugin/xsd/surefire-test-report-3.0.xsd" version="3.0" name="TestSuite" time="10.384" tests="3" errors="0" skipped="0" failures="0">
  <properties>
    <property name="java.specification.version" value="19"/>
    <property name="sun.cpu.isalist" value="amd64"/>
    <property name="sun.jnu.encoding" value="Cp1252"/>
    <property name="java.class.path" value="C:\Users\isya.pamuji\Documents\Rest-Assured-Example\target\test-classes;C:\Users\isya.pamuji\Documents\Rest-Assured-Example\target\classes;C:\Users\isya.pamuji\.m2\repository\io\rest-assured\rest-assured\3.3.0\rest-assured-3.3.0.jar;C:\Users\isya.pamuji\.m2\repository\org\codehaus\groovy\groovy\2.4.15\groovy-2.4.15.jar;C:\Users\isya.pamuji\.m2\repository\org\codehaus\groovy\groovy-xml\2.4.15\groovy-xml-2.4.15.jar;C:\Users\isya.pamuji\.m2\repository\org\apache\httpcomponents\httpclient\4.5.3\httpclient-4.5.3.jar;C:\Users\isya.pamuji\.m2\repository\org\apache\httpcomponents\httpcore\4.4.6\httpcore-4.4.6.jar;C:\Users\isya.pamuji\.m2\repository\commons-logging\commons-logging\1.2\commons-logging-1.2.jar;C:\Users\isya.pamuji\.m2\repository\commons-codec\commons-codec\1.9\commons-codec-1.9.jar;C:\Users\isya.pamuji\.m2\repository\org\apache\httpcomponents\httpmime\4.5.3\httpmime-4.5.3.jar;C:\Users\isya.pamuji\.m2\repository\org\hamcrest\hamcrest-core\1.3\hamcrest-core-1.3.jar;C:\Users\isya.pamuji\.m2\repository\org\hamcrest\hamcrest-library\1.3\hamcrest-library-1.3.jar;C:\Users\isya.pamuji\.m2\repository\org\ccil\cowan\tagsoup\tagsoup\1.2.1\tagsoup-1.2.1.jar;C:\Users\isya.pamuji\.m2\repository\io\rest-assured\json-path\3.3.0\json-path-3.3.0.jar;C:\Users\isya.pamuji\.m2\repository\org\codehaus\groovy\groovy-json\2.4.15\groovy-json-2.4.15.jar;C:\Users\isya.pamuji\.m2\repository\io\rest-assured\rest-assured-common\3.3.0\rest-assured-common-3.3.0.jar;C:\Users\isya.pamuji\.m2\repository\io\rest-assured\xml-path\3.3.0\xml-path-3.3.0.jar;C:\Users\isya.pamuji\.m2\repository\org\apache\commons\commons-lang3\3.4\commons-lang3-3.4.jar;C:\Users\isya.pamuji\.m2\repository\javax\xml\bind\jaxb-api\2.2.12\jaxb-api-2.2.12.jar;C:\Users\isya.pamuji\.m2\repository\com\sun\xml\bind\jaxb-osgi\2.2.10\jaxb-osgi-2.2.10.jar;C:\Users\isya.pamuji\.m2\repository\org\apache\sling\org.apache.sling.javax.activation\0.1.0\org.apache.sling.javax.activation-0.1.0.jar;C:\Users\isya.pamuji\.m2\repository\javax\activation\activation\1.1.1\activation-1.1.1.jar;C:\Users\isya.pamuji\.m2\repository\org\testng\testng\6.13.1\testng-6.13.1.jar;C:\Users\isya.pamuji\.m2\repository\com\beust\jcommander\1.72\jcommander-1.72.jar;C:\Users\isya.pamuji\.m2\repository\io\qameta\allure\allure-rest-assured\2.0-BETA21\allure-rest-assured-2.0-BETA21.jar;C:\Users\isya.pamuji\.m2\repository\io\qameta\allure\allure-attachments\2.0-BETA21\allure-attachments-2.0-BETA21.jar;C:\Users\isya.pamuji\.m2\repository\org\freemarker\freemarker\2.3.26-incubating\freemarker-2.3.26-incubating.jar;C:\Users\isya.pamuji\.m2\repository\io\qameta\allure\allure-testng\2.0-BETA21\allure-testng-2.0-BETA21.jar;C:\Users\isya.pamuji\.m2\repository\io\qameta\allure\allure-descriptions-javadoc\2.0-BETA21\allure-descriptions-javadoc-2.0-BETA21.jar;C:\Users\isya.pamuji\.m2\repository\io\qameta\allure\allure-java-commons\2.0-BETA21\allure-java-commons-2.0-BETA21.jar;C:\Users\isya.pamuji\.m2\repository\com\google\guava\guava\19.0\guava-19.0.jar;C:\Users\isya.pamuji\.m2\repository\io\qameta\allure\allure2-model-api\1.0-BETA6\allure2-model-api-1.0-BETA6.jar;C:\Users\isya.pamuji\.m2\repository\io\qameta\allure\allure2-model-pojo\1.0-BETA6\allure2-model-pojo-1.0-BETA6.jar;C:\Users\isya.pamuji\.m2\repository\org\apache\tika\tika-core\1.14\tika-core-1.14.jar;C:\Users\isya.pamuji\.m2\repository\io\qameta\allure\allure2-model-jackson\1.0-BETA6\allure2-model-jackson-1.0-BETA6.jar;C:\Users\isya.pamuji\.m2\repository\com\fasterxml\jackson\module\jackson-module-jaxb-annotations\2.7.0\jackson-module-jaxb-annotations-2.7.0.jar;C:\Users\isya.pamuji\.m2\repository\org\aspectj\aspectjrt\1.8.10\aspectjrt-1.8.10.jar;C:\Users\isya.pamuji\.m2\repository\org\jooq\joor\0.9.6\joor-0.9.6.jar;C:\Users\isya.pamuji\.m2\repository\org\slf4j\slf4j-api\1.7.21\slf4j-api-1.7.21.jar;C:\Users\isya.pamuji\.m2\repository\org\aeonbits\owner\owner\1.0.8\owner-1.0.8.jar;C:\Users\isya.pamuji\.m2\repository\org\projectlombok\lombok\1.18.30\lombok-1.18.30.jar;C:\Users\isya.pamuji\.m2\repository\org\kohsuke\wordnet-random-name\1.3\wordnet-random-name-1.3.jar;C:\Users\isya.pamuji\.m2\repository\org\assertj\assertj-core\3.11.1\assertj-core-3.11.1.jar;C:\Users\isya.pamuji\.m2\repository\com\fasterxml\jackson\core\jackson-databind\2.9.4\jackson-databind-2.9.4.jar;C:\Users\isya.pamuji\.m2\repository\com\fasterxml\jackson\core\jackson-annotations\2.9.0\jackson-annotations-2.9.0.jar;C:\Users\isya.pamuji\.m2\repository\com\fasterxml\jackson\core\jackson-core\2.9.4\jackson-core-2.9.4.jar;C:\Users\isya.pamuji\.m2\repository\com\github\davidcarboni\resource-utils\1.1.2\resource-utils-1.1.2.jar;C:\Users\isya.pamuji\.m2\repository\commons-io\commons-io\2.1\commons-io-2.1.jar;"/>
    <property name="java.vm.vendor" value="Oracle Corporation"/>
    <property name="sun.arch.data.model" value="64"/>
    <property name="user.variant" value=""/>
    <property name="java.vendor.url" value="https://java.oracle.com/"/>
    <property name="user.timezone" value="Asia/Jakarta"/>
    <property name="os.name" value="Windows 11"/>
    <property name="java.vm.specification.version" value="19"/>
    <property name="sun.java.launcher" value="SUN_STANDARD"/>
    <property name="user.country" value="ID"/>
    <property name="sun.boot.library.path" value="C:\Program Files\Java\jdk-19\bin"/>
    <property name="sun.java.command" value="C:\Users\isya.pamuji\AppData\Local\Temp\surefire9339413563882153734\surefirebooter-20240321175127608_3.jar C:\Users\isya.pamuji\AppData\Local\Temp\surefire9339413563882153734 2024-03-21T17-51-27_364-jvmRun1 surefire-20240321175127608_1tmp surefire_0-20240321175127608_2tmp"/>
    <property name="jdk.debug" value="release"/>
    <property name="surefire.test.class.path" value="C:\Users\isya.pamuji\Documents\Rest-Assured-Example\target\test-classes;C:\Users\isya.pamuji\Documents\Rest-Assured-Example\target\classes;C:\Users\isya.pamuji\.m2\repository\io\rest-assured\rest-assured\3.3.0\rest-assured-3.3.0.jar;C:\Users\isya.pamuji\.m2\repository\org\codehaus\groovy\groovy\2.4.15\groovy-2.4.15.jar;C:\Users\isya.pamuji\.m2\repository\org\codehaus\groovy\groovy-xml\2.4.15\groovy-xml-2.4.15.jar;C:\Users\isya.pamuji\.m2\repository\org\apache\httpcomponents\httpclient\4.5.3\httpclient-4.5.3.jar;C:\Users\isya.pamuji\.m2\repository\org\apache\httpcomponents\httpcore\4.4.6\httpcore-4.4.6.jar;C:\Users\isya.pamuji\.m2\repository\commons-logging\commons-logging\1.2\commons-logging-1.2.jar;C:\Users\isya.pamuji\.m2\repository\commons-codec\commons-codec\1.9\commons-codec-1.9.jar;C:\Users\isya.pamuji\.m2\repository\org\apache\httpcomponents\httpmime\4.5.3\httpmime-4.5.3.jar;C:\Users\isya.pamuji\.m2\repository\org\hamcrest\hamcrest-core\1.3\hamcrest-core-1.3.jar;C:\Users\isya.pamuji\.m2\repository\org\hamcrest\hamcrest-library\1.3\hamcrest-library-1.3.jar;C:\Users\isya.pamuji\.m2\repository\org\ccil\cowan\tagsoup\tagsoup\1.2.1\tagsoup-1.2.1.jar;C:\Users\isya.pamuji\.m2\repository\io\rest-assured\json-path\3.3.0\json-path-3.3.0.jar;C:\Users\isya.pamuji\.m2\repository\org\codehaus\groovy\groovy-json\2.4.15\groovy-json-2.4.15.jar;C:\Users\isya.pamuji\.m2\repository\io\rest-assured\rest-assured-common\3.3.0\rest-assured-common-3.3.0.jar;C:\Users\isya.pamuji\.m2\repository\io\rest-assured\xml-path\3.3.0\xml-path-3.3.0.jar;C:\Users\isya.pamuji\.m2\repository\org\apache\commons\commons-lang3\3.4\commons-lang3-3.4.jar;C:\Users\isya.pamuji\.m2\repository\javax\xml\bind\jaxb-api\2.2.12\jaxb-api-2.2.12.jar;C:\Users\isya.pamuji\.m2\repository\com\sun\xml\bind\jaxb-osgi\2.2.10\jaxb-osgi-2.2.10.jar;C:\Users\isya.pamuji\.m2\repository\org\apache\sling\org.apache.sling.javax.activation\0.1.0\org.apache.sling.javax.activation-0.1.0.jar;C:\Users\isya.pamuji\.m2\repository\javax\activation\activation\1.1.1\activation-1.1.1.jar;C:\Users\isya.pamuji\.m2\repository\org\testng\testng\6.13.1\testng-6.13.1.jar;C:\Users\isya.pamuji\.m2\repository\com\beust\jcommander\1.72\jcommander-1.72.jar;C:\Users\isya.pamuji\.m2\repository\io\qameta\allure\allure-rest-assured\2.0-BETA21\allure-rest-assured-2.0-BETA21.jar;C:\Users\isya.pamuji\.m2\repository\io\qameta\allure\allure-attachments\2.0-BETA21\allure-attachments-2.0-BETA21.jar;C:\Users\isya.pamuji\.m2\repository\org\freemarker\freemarker\2.3.26-incubating\freemarker-2.3.26-incubating.jar;C:\Users\isya.pamuji\.m2\repository\io\qameta\allure\allure-testng\2.0-BETA21\allure-testng-2.0-BETA21.jar;C:\Users\isya.pamuji\.m2\repository\io\qameta\allure\allure-descriptions-javadoc\2.0-BETA21\allure-descriptions-javadoc-2.0-BETA21.jar;C:\Users\isya.pamuji\.m2\repository\io\qameta\allure\allure-java-commons\2.0-BETA21\allure-java-commons-2.0-BETA21.jar;C:\Users\isya.pamuji\.m2\repository\com\google\guava\guava\19.0\guava-19.0.jar;C:\Users\isya.pamuji\.m2\repository\io\qameta\allure\allure2-model-api\1.0-BETA6\allure2-model-api-1.0-BETA6.jar;C:\Users\isya.pamuji\.m2\repository\io\qameta\allure\allure2-model-pojo\1.0-BETA6\allure2-model-pojo-1.0-BETA6.jar;C:\Users\isya.pamuji\.m2\repository\org\apache\tika\tika-core\1.14\tika-core-1.14.jar;C:\Users\isya.pamuji\.m2\repository\io\qameta\allure\allure2-model-jackson\1.0-BETA6\allure2-model-jackson-1.0-BETA6.jar;C:\Users\isya.pamuji\.m2\repository\com\fasterxml\jackson\module\jackson-module-jaxb-annotations\2.7.0\jackson-module-jaxb-annotations-2.7.0.jar;C:\Users\isya.pamuji\.m2\repository\org\aspectj\aspectjrt\1.8.10\aspectjrt-1.8.10.jar;C:\Users\isya.pamuji\.m2\repository\org\jooq\joor\0.9.6\joor-0.9.6.jar;C:\Users\isya.pamuji\.m2\repository\org\slf4j\slf4j-api\1.7.21\slf4j-api-1.7.21.jar;C:\Users\isya.pamuji\.m2\repository\org\aeonbits\owner\owner\1.0.8\owner-1.0.8.jar;C:\Users\isya.pamuji\.m2\repository\org\projectlombok\lombok\1.18.30\lombok-1.18.30.jar;C:\Users\isya.pamuji\.m2\repository\org\kohsuke\wordnet-random-name\1.3\wordnet-random-name-1.3.jar;C:\Users\isya.pamuji\.m2\repository\org\assertj\assertj-core\3.11.1\assertj-core-3.11.1.jar;C:\Users\isya.pamuji\.m2\repository\com\fasterxml\jackson\core\jackson-databind\2.9.4\jackson-databind-2.9.4.jar;C:\Users\isya.pamuji\.m2\repository\com\fasterxml\jackson\core\jackson-annotations\2.9.0\jackson-annotations-2.9.0.jar;C:\Users\isya.pamuji\.m2\repository\com\fasterxml\jackson\core\jackson-core\2.9.4\jackson-core-2.9.4.jar;C:\Users\isya.pamuji\.m2\repository\com\github\davidcarboni\resource-utils\1.1.2\resource-utils-1.1.2.jar;C:\Users\isya.pamuji\.m2\repository\commons-io\commons-io\2.1\commons-io-2.1.jar;"/>
    <property name="sun.cpu.endian" value="little"/>
    <property name="user.home" value="C:\Users\isya.pamuji"/>
    <property name="user.language" value="en"/>
    <property name="java.specification.vendor" value="Oracle Corporation"/>
    <property name="java.version.date" value="2023-01-17"/>
    <property name="java.home" value="C:\Program Files\Java\jdk-19"/>
    <property name="file.separator" value="\"/>
    <property name="basedir" value="C:\Users\isya.pamuji\Documents\Rest-Assured-Example"/>
    <property name="java.vm.compressedOopsMode" value="Zero based"/>
    <property name="line.separator" value="&#10;"/>
    <property name="java.vm.specification.vendor" value="Oracle Corporation"/>
    <property name="java.specification.name" value="Java Platform API Specification"/>
    <property name="surefire.real.class.path" value="C:\Users\isya.pamuji\AppData\Local\Temp\surefire9339413563882153734\surefirebooter-20240321175127608_3.jar"/>
    <property name="user.script" value=""/>
    <property name="sun.management.compiler" value="HotSpot 64-Bit Tiered Compilers"/>
    <property name="java.runtime.version" value="19.0.2+7-44"/>
    <property name="user.name" value="isya.pamuji"/>
    <property name="stdout.encoding" value="Cp1252"/>
    <property name="path.separator" value=";"/>
    <property name="os.version" value="10.0"/>
    <property name="java.runtime.name" value="Java(TM) SE Runtime Environment"/>
    <property name="file.encoding" value="UTF-8"/>
    <property name="java.vm.name" value="Java HotSpot(TM) 64-Bit Server VM"/>
    <property name="localRepository" value="C:\Users\isya.pamuji\.m2\repository"/>
    <property name="java.vendor.url.bug" value="https://bugreport.java.com/bugreport/"/>
    <property name="java.io.tmpdir" value="C:\Users\ISYA~1.PAM\AppData\Local\Temp\"/>
    <property name="java.version" value="19.0.2"/>
    <property name="user.dir" value="C:\Users\isya.pamuji\Documents\Rest-Assured-Example"/>
    <property name="os.arch" value="amd64"/>
    <property name="java.vm.specification.name" value="Java Virtual Machine Specification"/>
    <property name="sun.os.patch.level" value=""/>
    <property name="native.encoding" value="Cp1252"/>
    <property name="java.library.path" value="C:\Program Files\Java\jdk-19\bin;C:\Windows\Sun\Java\bin;C:\Windows\system32;C:\Windows;C:\Program Files\Common Files\Oracle\Java\javapath;C:\Program Files (x86)\Common Files\Oracle\Java\javapath;C:\Windows\system32;C:\Windows;C:\Windows\System32\Wbem;C:\Windows\System32\WindowsPowerShell\v1.0\;C:\Windows\System32\OpenSSH\;C:\Program Files\Git\cmd;C:\Program Files\Java\jdk-19\bin;C:\Program Files\nodejs\;C:\Users\isya.pamuji\.jdks\corretto-11.0.21\bin;C:\Program Files\JetBrains\IntelliJ IDEA 2023.3.2\bin;;C:\Program Files\JetBrains\IntelliJ IDEA Community Edition 2023.3.2\bin;;C:\Program Files\gradle-8.5\bin;C:\Program Files\apache-maven-3.9.6-bin\apache-maven-3.9.6\bin;C:\Users\isya.pamuji\AppData\Roaming\npm;C:\Program Files\Java\jdk-19\bin;;."/>
    <property name="java.vm.info" value="mixed mode, sharing"/>
    <property name="stderr.encoding" value="Cp1252"/>
    <property name="java.vendor" value="Oracle Corporation"/>
    <property name="java.vm.version" value="19.0.2+7-44"/>
    <property name="sun.io.unicode.encoding" value="UnicodeLittle"/>
    <property name="java.class.version" value="63.0"/>
  </properties>
  <testcase name="checkPositiveFullPet" classname="AddNewPetTest" time="3.383">
    <system-out><![CDATA[Request method:	PUT
Request URI:	https://petstore.swagger.io/v2/pet/
Proxy:			<none>
Request params:	<none>
Query params:	<none>
Form params:	<none>
Path params:	<none>
Headers:		Accept=*/*
				Content-Type=application/json; charset=UTF-8
Cookies:		<none>
Multiparts:		<none>
Body:
{
    "id": "1584857825",
    "category": {
        "id": "153307074",
        "name": "influential_copper"
    },
    "name": "exact_bench",
    "photoUrls": [
        "qwerty",
        "asdfg"
    ],
    "tags": [
        {
            "id": "734235466",
            "name": "optimistic_failure"
        }
    ],
    "status": "available"
}
Request method:	PUT
Request URI:	https://petstore.swagger.io/v2/pet/
Proxy:			<none>
Request params:	<none>
Query params:	<none>
Form params:	<none>
Path params:	<none>
Headers:		Accept=*/*
				Content-Type=application/json; charset=UTF-8
Cookies:		<none>
Multiparts:		<none>
Body:
{
    "id": "1584857825",
    "category": {
        "id": "153307074",
        "name": "influential_copper"
    },
    "name": "exact_bench",
    "photoUrls": [
        "qwerty",
        "asdfg"
    ],
    "tags": [
        {
            "id": "734235466",
            "name": "optimistic_failure"
        }
    ],
    "status": "available"
}
]]></system-out>
    <system-err><![CDATA[SLF4J: Failed to load class "org.slf4j.impl.StaticLoggerBinder".
SLF4J: Defaulting to no-operation (NOP) logger implementation
SLF4J: See http://www.slf4j.org/codes.html#StaticLoggerBinder for further details.
]]></system-err>
  </testcase>
  <testcase name="checkPositivePostSimpleTest" classname="AddNewPetTest" time="1.722">
    <system-out><![CDATA[Request method:	PUT
Request URI:	https://petstore.swagger.io/v2/pet/
Proxy:			<none>
Request params:	<none>
Query params:	<none>
Form params:	<none>
Path params:	<none>
Headers:		Accept=*/*
				Content-Type=application/json; charset=UTF-8
Cookies:		<none>
Multiparts:		<none>
Body:
{
    "id": "869633545",
    "category": null,
    "name": "charismatic_vat",
    "photoUrls": null,
    "tags": null,
    "status": null
}
Request method:	PUT
Request URI:	https://petstore.swagger.io/v2/pet/
Proxy:			<none>
Request params:	<none>
Query params:	<none>
Form params:	<none>
Path params:	<none>
Headers:		Accept=*/*
				Content-Type=application/json; charset=UTF-8
Cookies:		<none>
Multiparts:		<none>
Body:
{
    "id": "869633545",
    "category": null,
    "name": "charismatic_vat",
    "photoUrls": null,
    "tags": null,
    "status": null
}
]]></system-out>
  </testcase>
  <testcase name="checkExistingSimpleTest" classname="CheckExistingPetTest" time="3.943">
    <system-out><![CDATA[Request method:	POST
Request URI:	https://petstore.swagger.io/v2/pet/
Proxy:			<none>
Request params:	<none>
Query params:	<none>
Form params:	<none>
Path params:	<none>
Headers:		Accept=*/*
				Content-Type=application/json; charset=UTF-8
Cookies:		<none>
Multiparts:		<none>
Body:
{
    "id": "869633545",
    "category": null,
    "name": "charismatic_vat",
    "photoUrls": null,
    "tags": null,
    "status": null
}
Request method:	POST
Request URI:	https://petstore.swagger.io/v2/pet/
Proxy:			<none>
Request params:	<none>
Query params:	<none>
Form params:	<none>
Path params:	<none>
Headers:		Accept=*/*
				Content-Type=application/json; charset=UTF-8
Cookies:		<none>
Multiparts:		<none>
Body:
{
    "id": "869633545",
    "category": null,
    "name": "charismatic_vat",
    "photoUrls": null,
    "tags": null,
    "status": null
}
Request method:	GET
Request URI:	https://petstore.swagger.io/v2/pet/869633545
Proxy:			<none>
Request params:	<none>
Query params:	<none>
Form params:	<none>
Path params:	<none>
Headers:		Accept=*/*
				Content-Type=application/json; charset=UTF-8
Cookies:		<none>
Multiparts:		<none>
Body:			<none>
Request method:	GET
Request URI:	https://petstore.swagger.io/v2/pet/869633545
Proxy:			<none>
Request params:	<none>
Query params:	<none>
Form params:	<none>
Path params:	<none>
Headers:		Accept=*/*
				Content-Type=application/json; charset=UTF-8
Cookies:		<none>
Multiparts:		<none>
Body:			<none>
]]></system-out>
  </testcase>
</testsuite>