<?xml version="1.0" encoding="UTF-8"?>
<!-- Generated by org.testng.reporters.JUnitReportReporter -->
<testsuite hostname="PW07E88H" failures="0" tests="1" name="CheckExistingPetTest" time="3.945" errors="0" timestamp="21 Mar 2024 10:51:38 GMT" skipped="0">
  <testcase classname="CheckExistingPetTest" name="checkExistingSimpleTest" time="3.945"/>
</testsuite> <!-- CheckExistingPetTest -->
