<?xml version="1.0" encoding="UTF-8"?>
<!-- Generated by org.testng.reporters.JUnitReportReporter -->
<testsuite hostname="PW07E88H" failures="0" tests="2" name="AddNewPetTest" time="5.141" errors="0" timestamp="21 Mar 2024 10:51:38 GMT" skipped="0">
  <testcase classname="AddNewPetTest" name="checkPositiveFullPet" time="3.419"/>
  <testcase classname="AddNewPetTest" name="checkPositivePostSimpleTest" time="1.722"/>
</testsuite> <!-- AddNewPetTest -->
